<?xml version="1.0" encoding="UTF-8"?>
<!-- Generated by org.testng.reporters.JUnitReportReporter -->
<testsuite hostname="LAPTOP-NCHBTCTP" failures="0" tests="1" name="TestCase.TC_001_Registration" time="5.803" errors="0" timestamp="2024-02-06T12:30:34 IST" skipped="0">
  <testcase classname="TestCase.TC_001_Registration" name="AcctReg" time="5.803"/>
</testsuite> <!-- TestCase.TC_001_Registration -->
